<?xml version="1.0" encoding="UTF-8"?>
<testsuite xmlns:xsi="http://www.w3.org/2001/XMLSchema-instance" xsi:noNamespaceSchemaLocation="https://maven.apache.org/surefire/maven-surefire-plugin/xsd/surefire-test-report-3.0.xsd" version="3.0" name="com.apachec.MySpringBootApplicationTest" time="6.937" tests="1" errors="1" skipped="0" failures="0">
  <properties>
[...]
</properties>
  <testcase name="test" classname="com.apachec.MySpringBootApplicationTest" time="0.916">
    <error type="org.apache.camel.FailedToStartRouteException"><![CDATA[org.apache.camel.FailedToStartRouteException: Failed to start route route1 because of null
Caused by: org.apache.camel.NoSuchBeanException: No bean could be found in the registry for: servlet of type: org.apache.camel.spi.RestApiConsumerFactory
]]></error>
    <system-out><![CDATA[12:11:04.812 [main] DEBUG org.springframework.test.context.BootstrapUtils - Instantiating CacheAwareContextLoaderDelegate from class [org.springframework.test.context.cache.DefaultCacheAwareContextLoaderDelegate]
12:11:04.822 [main] DEBUG org.springframework.test.context.BootstrapUtils - Instantiating BootstrapContext using constructor [public org.springframework.test.context.support.DefaultBootstrapContext(java.lang.Class,org.springframework.test.context.CacheAwareContextLoaderDelegate)]
12:11:04.863 [main] DEBUG org.springframework.test.context.BootstrapUtils - Instantiating TestContextBootstrapper for test class [com.apachec.MySpringBootApplicationTest] from class [org.springframework.boot.test.context.SpringBootTestContextBootstrapper]
12:11:04.876 [main] INFO org.springframework.boot.test.context.SpringBootTestContextBootstrapper - Neither @ContextConfiguration nor @ContextHierarchy found for test class [com.apachec.MySpringBootApplicationTest], using SpringBootContextLoader
12:11:04.881 [main] DEBUG org.springframework.test.context.support.AbstractContextLoader - Did not detect default resource location for test class [com.apachec.MySpringBootApplicationTest]: class path resource [com/apachec/MySpringBootApplicationTest-context.xml] does not exist
12:11:04.882 [main] DEBUG org.springframework.test.context.support.AbstractContextLoader - Did not detect default resource location for test class [com.apachec.MySpringBootApplicationTest]: class path resource [com/apachec/MySpringBootApplicationTestContext.groovy] does not exist
12:11:04.883 [main] INFO org.springframework.test.context.support.AbstractContextLoader - Could not detect default resource locations for test class [com.apachec.MySpringBootApplicationTest]: no resource found for suffixes {-context.xml, Context.groovy}.
12:11:04.883 [main] INFO org.springframework.test.context.support.AnnotationConfigContextLoaderUtils - Could not detect default configuration classes for test class [com.apachec.MySpringBootApplicationTest]: MySpringBootApplicationTest does not declare any static, non-private, non-final, nested classes annotated with @Configuration.
12:11:04.946 [main] DEBUG org.springframework.test.context.support.ActiveProfilesUtils - Could not find an 'annotation declaring class' for annotation type [org.springframework.test.context.ActiveProfiles] and class [com.apachec.MySpringBootApplicationTest]
12:11:05.054 [main] DEBUG org.springframework.context.annotation.ClassPathScanningCandidateComponentProvider - Identified candidate component class: file [C:\Users\PC - DESARROLLO\Documents\personal\apachec\target\classes\com\apachec\MySpringBootApplication.class]
12:11:05.056 [main] INFO org.springframework.boot.test.context.SpringBootTestContextBootstrapper - Found @SpringBootConfiguration com.apachec.MySpringBootApplication for test class com.apachec.MySpringBootApplicationTest
12:11:05.213 [main] DEBUG org.springframework.boot.test.context.SpringBootTestContextBootstrapper - Merging default listeners with listeners configured via @TestExecutionListeners for class [com.apachec.MySpringBootApplicationTest].
12:11:05.213 [main] INFO org.springframework.boot.test.context.SpringBootTestContextBootstrapper - Loaded default TestExecutionListener class names from location [META-INF/spring.factories]: [org.springframework.boot.test.mock.mockito.MockitoTestExecutionListener, org.springframework.boot.test.mock.mockito.ResetMocksTestExecutionListener, org.springframework.boot.test.autoconfigure.restdocs.RestDocsTestExecutionListener, org.springframework.boot.test.autoconfigure.web.client.MockRestServiceServerResetTestExecutionListener, org.springframework.boot.test.autoconfigure.web.servlet.MockMvcPrintOnlyOnFailureTestExecutionListener, org.springframework.boot.test.autoconfigure.web.servlet.WebDriverTestExecutionListener, org.springframework.boot.test.autoconfigure.webservices.client.MockWebServiceServerTestExecutionListener, org.springframework.test.context.web.ServletTestExecutionListener, org.springframework.test.context.support.DirtiesContextBeforeModesTestExecutionListener, org.springframework.test.context.event.ApplicationEventsTestExecutionListener, org.springframework.test.context.support.DependencyInjectionTestExecutionListener, org.springframework.test.context.support.DirtiesContextTestExecutionListener, org.springframework.test.context.transaction.TransactionalTestExecutionListener, org.springframework.test.context.jdbc.SqlScriptsTestExecutionListener, org.springframework.test.context.event.EventPublishingTestExecutionListener]
12:11:05.239 [main] INFO org.springframework.boot.test.context.SpringBootTestContextBootstrapper - Using TestExecutionListeners: [org.apache.camel.test.spring.junit5.CamelSpringTestContextLoaderTestExecutionListener@6273c5a4, org.apache.camel.test.spring.junit5.CamelSpringBootExecutionListener@5d465e4b, org.apache.camel.test.spring.junit5.StopWatchTestExecutionListener@53e211ee, org.springframework.test.context.web.ServletTestExecutionListener@41a90fa8, org.springframework.test.context.support.DirtiesContextBeforeModesTestExecutionListener@3d8bbcdc, org.springframework.test.context.event.ApplicationEventsTestExecutionListener@52500920, org.springframework.boot.test.mock.mockito.MockitoTestExecutionListener@117e0fe5, org.springframework.boot.test.autoconfigure.SpringBootDependencyInjectionTestExecutionListener@18a3962d, org.springframework.test.context.support.DirtiesContextTestExecutionListener@78aea4b9, org.springframework.test.context.transaction.TransactionalTestExecutionListener@2a65bb85, org.springframework.test.context.jdbc.SqlScriptsTestExecutionListener@4b85880b, org.springframework.test.context.event.EventPublishingTestExecutionListener@4f936da8, org.springframework.boot.test.mock.mockito.ResetMocksTestExecutionListener@4215838f, org.springframework.boot.test.autoconfigure.restdocs.RestDocsTestExecutionListener@452ba1db, org.springframework.boot.test.autoconfigure.web.client.MockRestServiceServerResetTestExecutionListener@2289aca5, org.springframework.boot.test.autoconfigure.web.servlet.MockMvcPrintOnlyOnFailureTestExecutionListener@76a36b71, org.springframework.boot.test.autoconfigure.web.servlet.WebDriverTestExecutionListener@184497d1, org.springframework.boot.test.autoconfigure.webservices.client.MockWebServiceServerTestExecutionListener@f9d87b]
12:11:05.294 [main] DEBUG org.springframework.test.context.support.AbstractDirtiesContextTestExecutionListener - Before test class: context [DefaultTestContext@66971f6b testClass = MySpringBootApplicationTest, testInstance = [null], testMethod = [null], testException = [null], mergedContextConfiguration = [WebMergedContextConfiguration@50687efb testClass = MySpringBootApplicationTest, locations = '{}', classes = '{class com.apachec.MySpringBootApplication}', contextInitializerClasses = '[]', activeProfiles = '{}', propertySourceLocations = '{}', propertySourceProperties = '{org.springframework.boot.test.context.SpringBootTestContextBootstrapper=true}', contextCustomizers = set[org.springframework.boot.test.context.filter.ExcludeFilterContextCustomizer@4b23c30a, org.springframework.boot.test.json.DuplicateJsonObjectContextCustomizerFactory$DuplicateJsonObjectContextCustomizer@4f0100a7, org.springframework.boot.test.mock.mockito.MockitoContextCustomizer@0, org.springframework.boot.test.web.client.TestRestTemplateContextCustomizer@22f31dec, org.springframework.boot.test.autoconfigure.actuate.metrics.MetricsExportContextCustomizerFactory$DisableMetricExportContextCustomizer@49ff7d8c, org.springframework.boot.test.autoconfigure.properties.PropertyMappingContextCustomizer@0, org.springframework.boot.test.autoconfigure.web.servlet.WebDriverContextCustomizerFactory$Customizer@554e218, org.springframework.boot.test.context.SpringBootTestArgs@1, org.springframework.boot.test.context.SpringBootTestWebEnvironment@bcec361], resourceBasePath = 'src/main/webapp', contextLoader = 'org.springframework.boot.test.context.SpringBootContextLoader', parent = [null]], attributes = map['org.springframework.test.context.web.ServletTestExecutionListener.activateListener' -> true]], class annotated with @DirtiesContext [false] with mode [null].
12:11:05.314 [main] INFO org.apache.camel.test.spring.junit5.CamelSpringBootExecutionListener - CamelSpringBootExecutionListener preparing: class com.apachec.MySpringBootApplicationTest
12:11:05.320 [main] INFO org.apache.camel.test.spring.junit5.CamelAnnotationsHandler - Disabling Camel JMX globally for tests by default.  Use the DisableJMX annotation to override the default setting.

  .   ____          _            __ _ _
 /\\ / ___'_ __ _ _(_)_ __  __ _ \ \ \ \
( ( )\___ | '_ | '_| | '_ \/ _` | \ \ \ \
 \\/  ___)| |_)| | | | | || (_| |  ) ) ) )
  '  |____| .__|_| |_|_| |_\__, | / / / /
 =========|_|==============|___/=/_/_/_/
 :: Spring Boot ::                (v2.7.0)

2024-02-01 12:11:05.750  INFO 20764 --- [           main] com.apachec.MySpringBootApplicationTest  : Starting MySpringBootApplicationTest using Java 11.0.21 on 1-03-1-DGIP-01 with PID 20764 (started by PC - DESARROLLO in C:\Users\PC - DESARROLLO\Documents\personal\apachec)
2024-02-01 12:11:05.752  INFO 20764 --- [           main] com.apachec.MySpringBootApplicationTest  : No active profile set, falling back to 1 default profile: "default"
2024-02-01 12:11:10.387  INFO 20764 --- [           main] o.s.b.a.e.web.EndpointLinksResolver      : Exposing 3 endpoint(s) beneath base path '/actuator'
2024-02-01 12:11:10.623  INFO 20764 --- [           main] com.apachec.MySpringBootApplicationTest  : Started MySpringBootApplicationTest in 5.254 seconds (JVM running for 6.751)
2024-02-01 12:11:10.632  INFO 20764 --- [           main] o.a.c.t.s.j.CamelAnnotationsHandler      : Setting shutdown timeout to [10 SECONDS] on CamelContext with name [camelContext].
2024-02-01 12:11:10.735  INFO 20764 --- [           main] c.t.s.j.CamelSpringBootExecutionListener : CamelSpringBootExecutionListener before: class com.apachec.MySpringBootApplicationTest.test
2024-02-01 12:11:10.735  INFO 20764 --- [           main] c.t.s.j.CamelSpringBootExecutionListener : Initialized CamelSpringBootExecutionListener now ready to start CamelContext
2024-02-01 12:11:10.737  INFO 20764 --- [           main] o.a.c.t.s.j.CamelAnnotationsHandler      : Starting CamelContext with name [camelContext].
2024-02-01 12:11:11.080  WARN 20764 --- [           main] o.s.test.context.TestContextManager      : Caught exception while invoking 'beforeTestMethod' callback on TestExecutionListener [org.apache.camel.test.spring.junit5.CamelSpringBootExecutionListener@5d465e4b] for test method [public void com.apachec.MySpringBootApplicationTest.test() throws java.lang.Exception] and test instance [com.apachec.MySpringBootApplicationTest@7672960e]

org.apache.camel.FailedToStartRouteException: Failed to start route route1 because of null
	at org.apache.camel.impl.engine.RouteService.setUp(RouteService.java:132) ~[camel-base-engine-3.18.0.jar:3.18.0]
	at org.apache.camel.impl.engine.InternalRouteStartupManager.doInitRoutes(InternalRouteStartupManager.java:92) ~[camel-base-engine-3.18.0.jar:3.18.0]
	at org.apache.camel.impl.engine.AbstractCamelContext.doInit(AbstractCamelContext.java:2949) ~[camel-base-engine-3.18.0.jar:3.18.0]
	at org.apache.camel.support.service.BaseService.init(BaseService.java:83) ~[camel-api-3.18.0.jar:3.18.0]
	at org.apache.camel.impl.engine.AbstractCamelContext.init(AbstractCamelContext.java:2630) ~[camel-base-engine-3.18.0.jar:3.18.0]
	at org.apache.camel.support.service.BaseService.start(BaseService.java:111) ~[camel-api-3.18.0.jar:3.18.0]
	at org.apache.camel.impl.engine.AbstractCamelContext.start(AbstractCamelContext.java:2649) ~[camel-base-engine-3.18.0.jar:3.18.0]
	at org.apache.camel.impl.DefaultCamelContext.start(DefaultCamelContext.java:262) ~[camel-core-engine-3.18.0.jar:3.18.0]
	at org.apache.camel.spring.SpringCamelContext.start(SpringCamelContext.java:119) ~[camel-spring-3.18.0.jar:3.18.0]
	at org.apache.camel.test.spring.junit5.CamelAnnotationsHandler$8.execute(CamelAnnotationsHandler.java:407) ~[camel-test-spring-junit5-3.18.0.jar:3.18.0]
	at org.apache.camel.test.spring.junit5.CamelSpringTestHelper.doToSpringCamelContexts(CamelSpringTestHelper.java:108) ~[camel-test-spring-junit5-3.18.0.jar:3.18.0]
	at org.apache.camel.test.spring.junit5.CamelAnnotationsHandler.handleCamelContextStartup(CamelAnnotationsHandler.java:400) ~[camel-test-spring-junit5-3.18.0.jar:3.18.0]
	at org.apache.camel.test.spring.junit5.CamelSpringBootExecutionListener.beforeTestMethod(CamelSpringBootExecutionListener.java:105) ~[camel-test-spring-junit5-3.18.0.jar:3.18.0]
	at org.springframework.test.context.TestContextManager.beforeTestMethod(TestContextManager.java:293) ~[spring-test-5.3.20.jar:5.3.20]
	at org.springframework.test.context.junit.jupiter.SpringExtension.beforeEach(SpringExtension.java:174) ~[spring-test-5.3.20.jar:5.3.20]
	at org.junit.jupiter.engine.descriptor.TestMethodTestDescriptor.lambda$invokeBeforeEachCallbacks$2(TestMethodTestDescriptor.java:163) ~[junit-jupiter-engine-5.8.2.jar:5.8.2]
	at org.junit.jupiter.engine.descriptor.TestMethodTestDescriptor.lambda$invokeBeforeMethodsOrCallbacksUntilExceptionOccurs$6(TestMethodTestDescriptor.java:199) ~[junit-jupiter-engine-5.8.2.jar:5.8.2]
	at org.junit.platform.engine.support.hierarchical.ThrowableCollector.execute(ThrowableCollector.java:73) ~[junit-platform-engine-1.8.2.jar:1.8.2]
	at org.junit.jupiter.engine.descriptor.TestMethodTestDescriptor.invokeBeforeMethodsOrCallbacksUntilExceptionOccurs(TestMethodTestDescriptor.java:199) ~[junit-jupiter-engine-5.8.2.jar:5.8.2]
	at org.junit.jupiter.engine.descriptor.TestMethodTestDescriptor.invokeBeforeEachCallbacks(TestMethodTestDescriptor.java:162) ~[junit-jupiter-engine-5.8.2.jar:5.8.2]
	at org.junit.jupiter.engine.descriptor.TestMethodTestDescriptor.execute(TestMethodTestDescriptor.java:129) ~[junit-jupiter-engine-5.8.2.jar:5.8.2]
	at org.junit.jupiter.engine.descriptor.TestMethodTestDescriptor.execute(TestMethodTestDescriptor.java:66) ~[junit-jupiter-engine-5.8.2.jar:5.8.2]
	at org.junit.platform.engine.support.hierarchical.NodeTestTask.lambda$executeRecursively$6(NodeTestTask.java:151) ~[junit-platform-engine-1.8.2.jar:1.8.2]
	at org.junit.platform.engine.support.hierarchical.ThrowableCollector.execute(ThrowableCollector.java:73) ~[junit-platform-engine-1.8.2.jar:1.8.2]
	at org.junit.platform.engine.support.hierarchical.NodeTestTask.lambda$executeRecursively$8(NodeTestTask.java:141) ~[junit-platform-engine-1.8.2.jar:1.8.2]
	at org.junit.platform.engine.support.hierarchical.Node.around(Node.java:137) ~[junit-platform-engine-1.8.2.jar:1.8.2]
	at org.junit.platform.engine.support.hierarchical.NodeTestTask.lambda$executeRecursively$9(NodeTestTask.java:139) ~[junit-platform-engine-1.8.2.jar:1.8.2]
	at org.junit.platform.engine.support.hierarchical.ThrowableCollector.execute(ThrowableCollector.java:73) ~[junit-platform-engine-1.8.2.jar:1.8.2]
	at org.junit.platform.engine.support.hierarchical.NodeTestTask.executeRecursively(NodeTestTask.java:138) ~[junit-platform-engine-1.8.2.jar:1.8.2]
	at org.junit.platform.engine.support.hierarchical.NodeTestTask.execute(NodeTestTask.java:95) ~[junit-platform-engine-1.8.2.jar:1.8.2]
	at java.base/java.util.ArrayList.forEach(ArrayList.java:1541) ~[na:na]
	at org.junit.platform.engine.support.hierarchical.SameThreadHierarchicalTestExecutorService.invokeAll(SameThreadHierarchicalTestExecutorService.java:41) ~[junit-platform-engine-1.8.2.jar:1.8.2]
	at org.junit.platform.engine.support.hierarchical.NodeTestTask.lambda$executeRecursively$6(NodeTestTask.java:155) ~[junit-platform-engine-1.8.2.jar:1.8.2]
	at org.junit.platform.engine.support.hierarchical.ThrowableCollector.execute(ThrowableCollector.java:73) ~[junit-platform-engine-1.8.2.jar:1.8.2]
	at org.junit.platform.engine.support.hierarchical.NodeTestTask.lambda$executeRecursively$8(NodeTestTask.java:141) ~[junit-platform-engine-1.8.2.jar:1.8.2]
	at org.junit.platform.engine.support.hierarchical.Node.around(Node.java:137) ~[junit-platform-engine-1.8.2.jar:1.8.2]
	at org.junit.platform.engine.support.hierarchical.NodeTestTask.lambda$executeRecursively$9(NodeTestTask.java:139) ~[junit-platform-engine-1.8.2.jar:1.8.2]
	at org.junit.platform.engine.support.hierarchical.ThrowableCollector.execute(ThrowableCollector.java:73) ~[junit-platform-engine-1.8.2.jar:1.8.2]
	at org.junit.platform.engine.support.hierarchical.NodeTestTask.executeRecursively(NodeTestTask.java:138) ~[junit-platform-engine-1.8.2.jar:1.8.2]
	at org.junit.platform.engine.support.hierarchical.NodeTestTask.execute(NodeTestTask.java:95) ~[junit-platform-engine-1.8.2.jar:1.8.2]
	at java.base/java.util.ArrayList.forEach(ArrayList.java:1541) ~[na:na]
	at org.junit.platform.engine.support.hierarchical.SameThreadHierarchicalTestExecutorService.invokeAll(SameThreadHierarchicalTestExecutorService.java:41) ~[junit-platform-engine-1.8.2.jar:1.8.2]
	at org.junit.platform.engine.support.hierarchical.NodeTestTask.lambda$executeRecursively$6(NodeTestTask.java:155) ~[junit-platform-engine-1.8.2.jar:1.8.2]
	at org.junit.platform.engine.support.hierarchical.ThrowableCollector.execute(ThrowableCollector.java:73) ~[junit-platform-engine-1.8.2.jar:1.8.2]
	at org.junit.platform.engine.support.hierarchical.NodeTestTask.lambda$executeRecursively$8(NodeTestTask.java:141) ~[junit-platform-engine-1.8.2.jar:1.8.2]
	at org.junit.platform.engine.support.hierarchical.Node.around(Node.java:137) ~[junit-platform-engine-1.8.2.jar:1.8.2]
	at org.junit.platform.engine.support.hierarchical.NodeTestTask.lambda$executeRecursively$9(NodeTestTask.java:139) ~[junit-platform-engine-1.8.2.jar:1.8.2]
	at org.junit.platform.engine.support.hierarchical.ThrowableCollector.execute(ThrowableCollector.java:73) ~[junit-platform-engine-1.8.2.jar:1.8.2]
	at org.junit.platform.engine.support.hierarchical.NodeTestTask.executeRecursively(NodeTestTask.java:138) ~[junit-platform-engine-1.8.2.jar:1.8.2]
	at org.junit.platform.engine.support.hierarchical.NodeTestTask.execute(NodeTestTask.java:95) ~[junit-platform-engine-1.8.2.jar:1.8.2]
	at org.junit.platform.engine.support.hierarchical.SameThreadHierarchicalTestExecutorService.submit(SameThreadHierarchicalTestExecutorService.java:35) ~[junit-platform-engine-1.8.2.jar:1.8.2]
	at org.junit.platform.engine.support.hierarchical.HierarchicalTestExecutor.execute(HierarchicalTestExecutor.java:57) ~[junit-platform-engine-1.8.2.jar:1.8.2]
	at org.junit.platform.engine.support.hierarchical.HierarchicalTestEngine.execute(HierarchicalTestEngine.java:54) ~[junit-platform-engine-1.8.2.jar:1.8.2]
	at org.junit.platform.launcher.core.EngineExecutionOrchestrator.execute(EngineExecutionOrchestrator.java:107) ~[junit-platform-launcher-1.8.2.jar:1.8.2]
	at org.junit.platform.launcher.core.EngineExecutionOrchestrator.execute(EngineExecutionOrchestrator.java:88) ~[junit-platform-launcher-1.8.2.jar:1.8.2]
	at org.junit.platform.launcher.core.EngineExecutionOrchestrator.lambda$execute$0(EngineExecutionOrchestrator.java:54) ~[junit-platform-launcher-1.8.2.jar:1.8.2]
	at org.junit.platform.launcher.core.EngineExecutionOrchestrator.withInterceptedStreams(EngineExecutionOrchestrator.java:67) ~[junit-platform-launcher-1.8.2.jar:1.8.2]
	at org.junit.platform.launcher.core.EngineExecutionOrchestrator.execute(EngineExecutionOrchestrator.java:52) ~[junit-platform-launcher-1.8.2.jar:1.8.2]
	at org.junit.platform.launcher.core.DefaultLauncher.execute(DefaultLauncher.java:114) ~[junit-platform-launcher-1.8.2.jar:1.8.2]
	at org.junit.platform.launcher.core.DefaultLauncher.execute(DefaultLauncher.java:86) ~[junit-platform-launcher-1.8.2.jar:1.8.2]
	at org.junit.platform.launcher.core.DefaultLauncherSession$DelegatingLauncher.execute(DefaultLauncherSession.java:86) ~[junit-platform-launcher-1.8.2.jar:1.8.2]
	at org.junit.platform.launcher.core.SessionPerRequestLauncher.execute(SessionPerRequestLauncher.java:53) ~[junit-platform-launcher-1.8.2.jar:1.8.2]
	at org.apache.maven.surefire.junitplatform.JUnitPlatformProvider.invokeAllTests(JUnitPlatformProvider.java:154) ~[surefire-junit-platform-3.0.0-M4.jar:3.0.0-M4]
	at org.apache.maven.surefire.junitplatform.JUnitPlatformProvider.invoke(JUnitPlatformProvider.java:127) ~[surefire-junit-platform-3.0.0-M4.jar:3.0.0-M4]
	at org.apache.maven.surefire.booter.ForkedBooter.runSuitesInProcess(ForkedBooter.java:377) ~[surefire-booter-3.0.0-M4.jar:3.0.0-M4]
	at org.apache.maven.surefire.booter.ForkedBooter.execute(ForkedBooter.java:138) ~[surefire-booter-3.0.0-M4.jar:3.0.0-M4]
	at org.apache.maven.surefire.booter.ForkedBooter.run(ForkedBooter.java:465) ~[surefire-booter-3.0.0-M4.jar:3.0.0-M4]
	at org.apache.maven.surefire.booter.ForkedBooter.main(ForkedBooter.java:451) ~[surefire-booter-3.0.0-M4.jar:3.0.0-M4]
Caused by: org.apache.camel.NoSuchBeanException: No bean could be found in the registry for: servlet of type: org.apache.camel.spi.RestApiConsumerFactory
	at org.apache.camel.component.rest.RestApiEndpoint.createConsumer(RestApiEndpoint.java:220) ~[camel-rest-3.18.0.jar:3.18.0]
	at org.apache.camel.impl.engine.DefaultRoute.gatherRootServices(DefaultRoute.java:636) ~[camel-base-engine-3.18.0.jar:3.18.0]
	at org.apache.camel.impl.engine.DefaultRoute.gatherServices(DefaultRoute.java:620) ~[camel-base-engine-3.18.0.jar:3.18.0]
	at org.apache.camel.impl.engine.DefaultRoute.initializeServices(DefaultRoute.java:205) ~[camel-base-engine-3.18.0.jar:3.18.0]
	at org.apache.camel.impl.engine.RouteService.doSetup(RouteService.java:151) ~[camel-base-engine-3.18.0.jar:3.18.0]
	at org.apache.camel.impl.engine.RouteService.setUp(RouteService.java:130) ~[camel-base-engine-3.18.0.jar:3.18.0]
	... 67 common frames omitted

2024-02-01 12:11:11.638  INFO 20764 --- [           main] c.t.s.j.CamelSpringBootExecutionListener : CamelSpringBootExecutionListener after: class com.apachec.MySpringBootApplicationTest.test
]]></system-out>
  </testcase>
</testsuite>